/Users/Macrodove/.matplotlib is not a writable directory
Matplotlib created a temporary cache directory at /var/folders/b8/jzrx2bcs44g87_y27gk_d8f40000gn/T/matplotlib-mqygk951 because there was an issue with the default path (/Users/Macrodove/.matplotlib); it is highly recommended to set the MPLCONFIGDIR environment variable to a writable directory, in particular to speed up the import of Matplotlib and to better support multiprocessing.
Fontconfig error: No writable cache directories
Fontconfig error: No writable cache directories
Fontconfig error: No writable cache directories
Fontconfig error: No writable cache directories
Matplotlib is building the font cache; this may take a moment.
...
--------------------------------------------------------------------------------
-----------------------------------  Gnomix  -----------------------------------
--------------------------------------------------------------------------------
When using this software, please cite: 
Helgi Hilmarsson, Arvind S Kumar, Richa Rastogi, Carlos D Bustamante, 
Daniel Mas Montserrat, Alexander G Ioannidis: 
"High Resolution Ancestry Deconvolution for Next Generation Genomic Data" 
https://www.biorxiv.org/content/10.1101/2021.09.19.460980v1
--------------------------------------------------------------------------------
--------------------------------------------------------------------------------
--------------------------------------------------------------------------------
Launching in training mode...
Reading vcf file...
Getting genetic map info...
Getting sample map info...
Building founders...
Splitting sample map...
Running Simulation...
Training...
Reading data...
Building model...
Training base models...
  0%|                                        | 0/172 [00:00<?, ?it/s]  6%|██▌                                     | 11/172 [00:01<00:27,  5.86it/s] 32%|████████████▊                           | 55/172 [00:02<00:03, 32.94it/s] 58%|███████████████████████                 | 99/172 [00:02<00:01, 57.92it/s] 70%|████████████████████████████▏           | 121/172 [00:02<00:00, 71.72it/s] 83%|█████████████████████████████████▎      | 143/172 [00:02<00:00, 80.31it/s] 91%|████████████████████████████████████▌   | 157/172 [00:02<00:00, 86.76it/s]100%|████████████████████████████████████████| 172/172 [00:02<00:00, 59.94it/s]
Training smoother...
Model, info and analysis saved at results/gnomix/chr22/models/model_chm_22
--------------------------------------------------------------------------------
Launching inference...
Loading and processing query file...
- Number of SNPs from model: 13629
- Number of SNPs from file: 13629
- Number of intersecting SNPs: 13629
- Percentage of model SNPs covered by query file: 100.0%
Inferring ancestry on query data...
Saving results...
