
RFMIX v2.03-r0 - Local Ancestry and Admixture Inference
(c) 2016, 2017 Mark Koni Hamilton Wright
Bustamante Lab - Stanford University School of Medicine
Based on concepts developed in RFMIX v1 by Brian Keith Maples, et al.

This version is licensed for non-commercial academic research use only
For commercial licensing, please contact cdbadmin@stanford.edu

--- For use in scientific publications please cite original publication ---
Brian Maples, Simon Gravel, Eimear E. Kenny, and Carlos D. Bustamante (2013).
RFMix: A Discriminative Modeling Approach for Rapid and Robust Local-Ancestry
Inference. Am. J. Hum. Genet. 93, 278-288


Loading genetic map for chromosome 22 ...  done
Mapping samples ... 200 samples combined
Scanning input VCFs for common SNPs on chromosome 22 ...   13605 SNPs
Loading haplotypes... done
Defining and initializing conditional random field...  
   setting up CRF points and random forest windows... 
   computing random forest window spacing overlay... 
   initializing apriori reference subpop across CRF... 
   setting up random forest probability estimation arrays... done
Defining and initializing conditional random field...   done
1835880 (33.7%) variant alleles	87 (0.0%) missing alleles

Generating internal simulation samples...    
Internally simulated 360 samples from 18 randomly selected reference parents.

Scanning for optimal CRF Weight.... 

Conditional Random Field Weight 1 - det(m) = 76.3             

Conditional Random Field Weight 2 - det(m) = 87.2             

Conditional Random Field Weight 3 - det(m) = 92.1             

Conditional Random Field Weight 4 - det(m) = 94.6             

Conditional Random Field Weight 5 - det(m) = 95.9             

Conditional Random Field Weight 6 - det(m) = 96.8             

Conditional Random Field Weight 7 - det(m) = 96.8             

Conditional Random Field Weight 9 - det(m) = 97.2             

Maximum scoring weight is 9 (97.2)
Simulation results... 
	CEU	CHB	YRI
	0	1	2
0	99.2	1.3	0.3
1	0.6	98.6	0.3
2	0.2	0.1	99.5




Outputing forward-backward results.... 
Outputing diploid global ancestry estimates.... 
Initial analysis - logl -1406133.4



Outputing forward-backward results.... 
Outputing diploid global ancestry estimates.... 

EM iteration 1/2 - logl = -1321418.5 (+84714.9)



Outputing forward-backward results.... 
Outputing diploid global ancestry estimates.... 

EM iteration 2/2 - logl = -1300943.2 (+20475.3)
